<?xml version="1.0" encoding="UTF-8"?>
<testng-results skipped="0" failed="1" ignored="0" total="5" passed="4">
  <reporter-output>
  </reporter-output>
  <suite name="automationpractice" duration-ms="89190" started-at="2022-03-10T18:11:04 IST" finished-at="2022-03-10T18:12:33 IST">
    <groups>
    </groups>
    <test name="Test1" duration-ms="89190" started-at="2022-03-10T18:11:04 IST" finished-at="2022-03-10T18:12:33 IST">
      <class name="test.ContactInfoPageTest">
        <test-method status="PASS" signature="setup(java.lang.String,java.lang.String)[pri:0, instance:test.ContactInfoPageTest@281e3708]" name="setup" is-config="true" duration-ms="10512" started-at="2022-03-10T18:11:27 IST" finished-at="2022-03-10T18:11:37 IST">
          <params>
            <param index="0">
              <value>
                <![CDATA[chrome]]>
              </value>
            </param>
            <param index="1">
              <value>
                <![CDATA[http://automationpractice.com/index.php]]>
              </value>
            </param>
          </params>
          <reporter-output>
          </reporter-output>
        </test-method> <!-- setup -->
        <test-method status="PASS" signature="contactInfo()[pri:0, instance:test.ContactInfoPageTest@281e3708]" name="contactInfo" duration-ms="7900" started-at="2022-03-10T18:11:37 IST" finished-at="2022-03-10T18:11:45 IST">
          <reporter-output>
          </reporter-output>
        </test-method> <!-- contactInfo -->
        <test-method status="PASS" signature="teardown()[pri:0, instance:test.ContactInfoPageTest@281e3708]" name="teardown" is-config="true" duration-ms="2218" started-at="2022-03-10T18:11:45 IST" finished-at="2022-03-10T18:11:47 IST">
          <reporter-output>
          </reporter-output>
        </test-method> <!-- teardown -->
      </class> <!-- test.ContactInfoPageTest -->
      <class name="test.CreateAccountPageTest">
        <test-method status="PASS" signature="setup(java.lang.String,java.lang.String)[pri:0, instance:test.CreateAccountPageTest@103f852]" name="setup" is-config="true" duration-ms="10129" started-at="2022-03-10T18:12:16 IST" finished-at="2022-03-10T18:12:26 IST">
          <params>
            <param index="0">
              <value>
                <![CDATA[chrome]]>
              </value>
            </param>
            <param index="1">
              <value>
                <![CDATA[http://automationpractice.com/index.php]]>
              </value>
            </param>
          </params>
          <reporter-output>
          </reporter-output>
        </test-method> <!-- setup -->
        <test-method status="FAIL" signature="createaccountpagetest()[pri:0, instance:test.CreateAccountPageTest@103f852]" name="createaccountpagetest" duration-ms="5814" started-at="2022-03-10T18:12:26 IST" finished-at="2022-03-10T18:12:32 IST">
          <exception class="org.openqa.selenium.NoSuchElementException">
            <message>
              <![CDATA[no such element: Unable to locate element: {"method":"css selector","selector":"[for=id_gender1]"}
  (Session info: chrome=99.0.4844.51)
For documentation on this error, please visit: https://selenium.dev/exceptions/#no_such_element
Build info: version: '4.1.2', revision: '9a5a329c5a'
System info: host: 'DESKTOP-19NCAKV', ip: '192.168.56.1', os.name: 'Windows 10', os.arch: 'amd64', os.version: '10.0', java.version: '1.8.0_271'
Driver info: org.openqa.selenium.chrome.ChromeDriver
Command: [efc7621f5a473dd2b884ea9e09cd8c95, findElement {using=css selector, value=[for=id_gender1]}]
Capabilities {acceptInsecureCerts: false, browserName: chrome, browserVersion: 99.0.4844.51, chrome: {chromedriverVersion: 99.0.4844.51 (d537ec02474b5..., userDataDir: C:\Users\dhano\AppData\Loca...}, goog:chromeOptions: {debuggerAddress: localhost:64143}, javascriptEnabled: true, networkConnectionEnabled: false, pageLoadStrategy: normal, platform: WINDOWS, platformName: WINDOWS, proxy: Proxy(), se:cdp: ws://localhost:64143/devtoo..., se:cdpVersion: 99.0.4844.51, setWindowRect: true, strictFileInteractability: false, timeouts: {implicit: 0, pageLoad: 300000, script: 30000}, unhandledPromptBehavior: dismiss and notify, webauthn:extension:credBlob: true, webauthn:extension:largeBlob: true, webauthn:virtualAuthenticators: true}
Session ID: efc7621f5a473dd2b884ea9e09cd8c95]]>
            </message>
            <full-stacktrace>
              <![CDATA[org.openqa.selenium.NoSuchElementException: no such element: Unable to locate element: {"method":"css selector","selector":"[for=id_gender1]"}
  (Session info: chrome=99.0.4844.51)
For documentation on this error, please visit: https://selenium.dev/exceptions/#no_such_element
Build info: version: '4.1.2', revision: '9a5a329c5a'
System info: host: 'DESKTOP-19NCAKV', ip: '192.168.56.1', os.name: 'Windows 10', os.arch: 'amd64', os.version: '10.0', java.version: '1.8.0_271'
Driver info: org.openqa.selenium.chrome.ChromeDriver
Command: [efc7621f5a473dd2b884ea9e09cd8c95, findElement {using=css selector, value=[for=id_gender1]}]
Capabilities {acceptInsecureCerts: false, browserName: chrome, browserVersion: 99.0.4844.51, chrome: {chromedriverVersion: 99.0.4844.51 (d537ec02474b5..., userDataDir: C:\Users\dhano\AppData\Loca...}, goog:chromeOptions: {debuggerAddress: localhost:64143}, javascriptEnabled: true, networkConnectionEnabled: false, pageLoadStrategy: normal, platform: WINDOWS, platformName: WINDOWS, proxy: Proxy(), se:cdp: ws://localhost:64143/devtoo..., se:cdpVersion: 99.0.4844.51, setWindowRect: true, strictFileInteractability: false, timeouts: {implicit: 0, pageLoad: 300000, script: 30000}, unhandledPromptBehavior: dismiss and notify, webauthn:extension:credBlob: true, webauthn:extension:largeBlob: true, webauthn:virtualAuthenticators: true}
Session ID: efc7621f5a473dd2b884ea9e09cd8c95
at sun.reflect.NativeConstructorAccessorImpl.newInstance0(Native Method)
at sun.reflect.NativeConstructorAccessorImpl.newInstance(NativeConstructorAccessorImpl.java:62)
at sun.reflect.DelegatingConstructorAccessorImpl.newInstance(DelegatingConstructorAccessorImpl.java:45)
at java.lang.reflect.Constructor.newInstance(Constructor.java:423)
at org.openqa.selenium.remote.codec.w3c.W3CHttpResponseCodec.createException(W3CHttpResponseCodec.java:200)
at org.openqa.selenium.remote.codec.w3c.W3CHttpResponseCodec.decode(W3CHttpResponseCodec.java:133)
at org.openqa.selenium.remote.codec.w3c.W3CHttpResponseCodec.decode(W3CHttpResponseCodec.java:53)
at org.openqa.selenium.remote.HttpCommandExecutor.execute(HttpCommandExecutor.java:184)
at org.openqa.selenium.remote.service.DriverCommandExecutor.invokeExecute(DriverCommandExecutor.java:167)
at org.openqa.selenium.remote.service.DriverCommandExecutor.execute(DriverCommandExecutor.java:142)
at org.openqa.selenium.remote.RemoteWebDriver.execute(RemoteWebDriver.java:558)
at org.openqa.selenium.remote.ElementLocation$ElementFinder$2.findElement(ElementLocation.java:162)
at org.openqa.selenium.remote.ElementLocation.findElement(ElementLocation.java:60)
at org.openqa.selenium.remote.RemoteWebDriver.findElement(RemoteWebDriver.java:382)
at org.openqa.selenium.remote.RemoteWebDriver.findElement(RemoteWebDriver.java:374)
at page.CreateAccountPage.gender(CreateAccountPage.java:28)
at test.CreateAccountPageTest.createaccountpagetest(CreateAccountPageTest.java:13)
at sun.reflect.NativeMethodAccessorImpl.invoke0(Native Method)
at sun.reflect.NativeMethodAccessorImpl.invoke(NativeMethodAccessorImpl.java:62)
at sun.reflect.DelegatingMethodAccessorImpl.invoke(DelegatingMethodAccessorImpl.java:43)
at java.lang.reflect.Method.invoke(Method.java:498)
at org.testng.internal.invokers.MethodInvocationHelper.invokeMethod(MethodInvocationHelper.java:135)
at org.testng.internal.invokers.TestInvoker.invokeMethod(TestInvoker.java:673)
at org.testng.internal.invokers.TestInvoker.invokeTestMethod(TestInvoker.java:220)
at org.testng.internal.invokers.MethodRunner.runInSequence(MethodRunner.java:50)
at org.testng.internal.invokers.TestInvoker$MethodInvocationAgent.invoke(TestInvoker.java:945)
at org.testng.internal.invokers.TestInvoker.invokeTestMethods(TestInvoker.java:193)
at org.testng.internal.invokers.TestMethodWorker.invokeTestMethods(TestMethodWorker.java:146)
at org.testng.internal.invokers.TestMethodWorker.run(TestMethodWorker.java:128)
at java.util.ArrayList.forEach(ArrayList.java:1259)
at org.testng.TestRunner.privateRun(TestRunner.java:808)
at org.testng.TestRunner.run(TestRunner.java:603)
at org.testng.SuiteRunner.runTest(SuiteRunner.java:429)
at org.testng.SuiteRunner.runSequentially(SuiteRunner.java:423)
at org.testng.SuiteRunner.privateRun(SuiteRunner.java:383)
at org.testng.SuiteRunner.run(SuiteRunner.java:326)
at org.testng.SuiteRunnerWorker.runSuite(SuiteRunnerWorker.java:52)
at org.testng.SuiteRunnerWorker.run(SuiteRunnerWorker.java:95)
at org.testng.TestNG.runSuitesSequentially(TestNG.java:1249)
at org.testng.TestNG.runSuitesLocally(TestNG.java:1169)
at org.testng.TestNG.runSuites(TestNG.java:1092)
at org.testng.TestNG.run(TestNG.java:1060)
at org.testng.remote.AbstractRemoteTestNG.run(AbstractRemoteTestNG.java:115)
at org.testng.remote.RemoteTestNG.initAndRun(RemoteTestNG.java:251)
at org.testng.remote.RemoteTestNG.main(RemoteTestNG.java:77)
]]>
            </full-stacktrace>
          </exception> <!-- org.openqa.selenium.NoSuchElementException -->
          <reporter-output>
          </reporter-output>
        </test-method> <!-- createaccountpagetest -->
        <test-method status="PASS" signature="teardown()[pri:0, instance:test.CreateAccountPageTest@103f852]" name="teardown" is-config="true" duration-ms="798" started-at="2022-03-10T18:12:32 IST" finished-at="2022-03-10T18:12:33 IST">
          <reporter-output>
          </reporter-output>
        </test-method> <!-- teardown -->
      </class> <!-- test.CreateAccountPageTest -->
      <class name="test.HomePageTest">
        <test-method status="PASS" signature="setup(java.lang.String,java.lang.String)[pri:0, instance:test.HomePageTest@fe18270]" name="setup" is-config="true" duration-ms="11874" started-at="2022-03-10T18:11:04 IST" finished-at="2022-03-10T18:11:15 IST">
          <params>
            <param index="0">
              <value>
                <![CDATA[chrome]]>
              </value>
            </param>
            <param index="1">
              <value>
                <![CDATA[http://automationpractice.com/index.php]]>
              </value>
            </param>
          </params>
          <reporter-output>
          </reporter-output>
        </test-method> <!-- setup -->
        <test-method status="PASS" signature="homepageTest()[pri:0, instance:test.HomePageTest@fe18270]" name="homepageTest" duration-ms="10277" started-at="2022-03-10T18:11:16 IST" finished-at="2022-03-10T18:11:26 IST">
          <reporter-output>
          </reporter-output>
        </test-method> <!-- homepageTest -->
        <test-method status="PASS" signature="teardown()[pri:0, instance:test.HomePageTest@fe18270]" name="teardown" is-config="true" duration-ms="847" started-at="2022-03-10T18:11:26 IST" finished-at="2022-03-10T18:11:27 IST">
          <reporter-output>
          </reporter-output>
        </test-method> <!-- teardown -->
      </class> <!-- test.HomePageTest -->
      <class name="test.SigninPageTest">
        <test-method status="PASS" signature="setup(java.lang.String,java.lang.String)[pri:0, instance:test.SigninPageTest@1f021e6c]" name="setup" is-config="true" duration-ms="9789" started-at="2022-03-10T18:12:00 IST" finished-at="2022-03-10T18:12:10 IST">
          <params>
            <param index="0">
              <value>
                <![CDATA[chrome]]>
              </value>
            </param>
            <param index="1">
              <value>
                <![CDATA[http://automationpractice.com/index.php]]>
              </value>
            </param>
          </params>
          <reporter-output>
          </reporter-output>
        </test-method> <!-- setup -->
        <test-method status="PASS" signature="signintest(java.lang.String,java.lang.String)[pri:0, instance:test.SigninPageTest@1f021e6c]" name="signintest" duration-ms="5484" started-at="2022-03-10T18:12:10 IST" finished-at="2022-03-10T18:12:15 IST">
          <params>
            <param index="0">
              <value>
                <![CDATA[wexom38833@ishop2k.com]]>
              </value>
            </param>
            <param index="1">
              <value>
                <![CDATA[test123]]>
              </value>
            </param>
          </params>
          <reporter-output>
          </reporter-output>
        </test-method> <!-- signintest -->
        <test-method status="PASS" signature="teardown()[pri:0, instance:test.SigninPageTest@1f021e6c]" name="teardown" is-config="true" duration-ms="819" started-at="2022-03-10T18:12:15 IST" finished-at="2022-03-10T18:12:16 IST">
          <reporter-output>
          </reporter-output>
        </test-method> <!-- teardown -->
      </class> <!-- test.SigninPageTest -->
      <class name="test.HomePageValidations">
        <test-method status="PASS" signature="setup(java.lang.String,java.lang.String)[pri:0, instance:test.HomePageValidations@35a50a4c]" name="setup" is-config="true" duration-ms="11410" started-at="2022-03-10T18:11:47 IST" finished-at="2022-03-10T18:11:59 IST">
          <params>
            <param index="0">
              <value>
                <![CDATA[chrome]]>
              </value>
            </param>
            <param index="1">
              <value>
                <![CDATA[http://automationpractice.com/index.php]]>
              </value>
            </param>
          </params>
          <reporter-output>
          </reporter-output>
        </test-method> <!-- setup -->
        <test-method status="PASS" signature="validations()[pri:0, instance:test.HomePageValidations@35a50a4c]" name="validations" duration-ms="489" started-at="2022-03-10T18:11:59 IST" finished-at="2022-03-10T18:11:59 IST">
          <reporter-output>
          </reporter-output>
        </test-method> <!-- validations -->
        <test-method status="PASS" signature="teardown()[pri:0, instance:test.HomePageValidations@35a50a4c]" name="teardown" is-config="true" duration-ms="737" started-at="2022-03-10T18:11:59 IST" finished-at="2022-03-10T18:12:00 IST">
          <reporter-output>
          </reporter-output>
        </test-method> <!-- teardown -->
      </class> <!-- test.HomePageValidations -->
    </test> <!-- Test1 -->
  </suite> <!-- automationpractice -->
</testng-results>
