<?xml version="1.0" encoding="UTF-8"?>
<testng-results skipped="0" failed="0" ignored="0" total="1" passed="1">
  <reporter-output>
  </reporter-output>
  <suite name="automationpractice" duration-ms="40038" started-at="2022-05-13T17:06:49 IST" finished-at="2022-05-13T17:07:29 IST">
    <groups>
    </groups>
    <test name="ChromeTest" duration-ms="40038" started-at="2022-05-13T17:06:49 IST" finished-at="2022-05-13T17:07:29 IST">
      <class name="test.ContactInfoPageTest">
        <test-method status="PASS" signature="setup(java.lang.String)[pri:0, instance:test.ContactInfoPageTest@1d7acb34]" name="setup" is-config="true" duration-ms="18799" started-at="2022-05-13T17:06:49 IST" finished-at="2022-05-13T17:07:08 IST">
          <params>
            <param index="0">
              <value>
                <![CDATA[chrome]]>
              </value>
            </param>
          </params>
          <reporter-output>
          </reporter-output>
        </test-method> <!-- setup -->
        <test-method status="PASS" signature="cpage()[pri:0, instance:test.ContactInfoPageTest@1d7acb34]" name="cpage" duration-ms="20422" started-at="2022-05-13T17:07:08 IST" finished-at="2022-05-13T17:07:28 IST">
          <reporter-output>
          </reporter-output>
        </test-method> <!-- cpage -->
        <test-method status="PASS" signature="teardown()[pri:0, instance:test.ContactInfoPageTest@1d7acb34]" name="teardown" is-config="true" duration-ms="763" started-at="2022-05-13T17:07:28 IST" finished-at="2022-05-13T17:07:29 IST">
          <reporter-output>
          </reporter-output>
        </test-method> <!-- teardown -->
      </class> <!-- test.ContactInfoPageTest -->
    </test> <!-- ChromeTest -->
  </suite> <!-- automationpractice -->
</testng-results>
